Build started 2015/3/15 12:41:15.
     1>Project "E:\MyVtkExams\cone1\cone1\cone1.vcxproj" on node 2 (build target(s)).
     1>InitializeBuildStatus:
         Creating "Debug\cone1.unsuccessfulbuild" because "AlwaysCreate" was specified.
       ClCompile:
         c:\Program Files (x86)\Microsoft Visual Studio 10.0\VC\bin\CL.exe /c /ZI /nologo /W3 /WX- /Od /Oy- /D _MBCS /Gm /EHsc /RTC1 /MDd /GS /fp:precise /Zc:wchar_t /Zc:forScope /Fo"Debug\\" /Fd"Debug\vc100.pdb" /Gd /TP /analyze- /errorReport:prompt cone1.cpp
         cone1.cpp
     1>e:\myvtkexams\cone1\cone1\cone1.cpp(218): warning C4996: 'sprintf': This function or variable may be unsafe. Consider using sprintf_s instead. To disable deprecation, use _CRT_SECURE_NO_WARNINGS. See online help for details.
                 c:\program files (x86)\microsoft visual studio 10.0\vc\include\stdio.h(371) : see declaration of 'sprintf'
       Link:
         c:\Program Files (x86)\Microsoft Visual Studio 10.0\VC\bin\link.exe /ERRORREPORT:PROMPT /OUT:"E:\MyVtkExams\cone1\Debug\cone1.exe" /NOLOGO vtkCommon.lib vtkFiltering.lib vtkGraphics.lib vtkRendering.lib vtkDICOMParser.lib vtkVolumeRendering.lib vtksys.lib vtkIO.lib vtkImaging.lib vtkHybrid.lib kernel32.lib user32.lib gdi32.lib winspool.lib comdlg32.lib advapi32.lib shell32.lib ole32.lib oleaut32.lib uuid.lib odbc32.lib odbccp32.lib /MANIFEST /ManifestFile:"Debug\cone1.exe.intermediate.manifest" /MANIFESTUAC:"level='asInvoker' uiAccess='false'" /DEBUG /PDB:"E:\MyVtkExams\cone1\Debug\cone1.pdb" /TLBID:1 /DYNAMICBASE /NXCOMPAT /IMPLIB:"E:\MyVtkExams\cone1\Debug\cone1.lib" /MACHINE:X86 Debug\cone1.obj
         LINK : E:\MyVtkExams\cone1\Debug\cone1.exe not found or not built by the last incremental link; performing full link
         cone1.vcxproj -> E:\MyVtkExams\cone1\Debug\cone1.exe
       Manifest:
         C:\Program Files (x86)\Microsoft SDKs\Windows\v7.0A\bin\mt.exe /nologo /verbose /outputresource:"E:\MyVtkExams\cone1\Debug\cone1.exe;#1" /manifest Debug\cone1.exe.intermediate.manifest
       FinalizeBuildStatus:
         Deleting file "Debug\cone1.unsuccessfulbuild".
         Touching "Debug\cone1.lastbuildstate".
     1>Done Building Project "E:\MyVtkExams\cone1\cone1\cone1.vcxproj" (build target(s)).

Build succeeded.

Time Elapsed 00:00:01.57
